Traceback (most recent call last):
  File "/Users/caballero/opt/anaconda3/envs/ml-short-course/lib/python3.12/site-packages/jupyter_cache/executors/utils.py", line 58, in single_nb_execution
    executenb(
  File "/Users/caballero/opt/anaconda3/envs/ml-short-course/lib/python3.12/site-packages/nbclient/client.py", line 1305, in execute
    return NotebookClient(nb=nb, resources=resources, km=km, **kwargs).execute()
           ^^^^^^^^^^^^^^^^^^^^^^^^^^^^^^^^^^^^^^^^^^^^^^^^^^^^^^^^^^^^^^^^^^^^^
  File "/Users/caballero/opt/anaconda3/envs/ml-short-course/lib/python3.12/site-packages/jupyter_core/utils/__init__.py", line 173, in wrapped
    return loop.run_until_complete(inner)
           ^^^^^^^^^^^^^^^^^^^^^^^^^^^^^^
  File "/Users/caballero/opt/anaconda3/envs/ml-short-course/lib/python3.12/asyncio/base_events.py", line 687, in run_until_complete
    return future.result()
           ^^^^^^^^^^^^^^^
  File "/Users/caballero/opt/anaconda3/envs/ml-short-course/lib/python3.12/site-packages/nbclient/client.py", line 705, in async_execute
    await self.async_execute_cell(
  File "/Users/caballero/opt/anaconda3/envs/ml-short-course/lib/python3.12/site-packages/nbclient/client.py", line 1058, in async_execute_cell
    await self._check_raise_for_error(cell, cell_index, exec_reply)
  File "/Users/caballero/opt/anaconda3/envs/ml-short-course/lib/python3.12/site-packages/nbclient/client.py", line 914, in _check_raise_for_error
    raise CellExecutionError.from_cell_and_msg(cell, exec_reply_content)
nbclient.exceptions.CellExecutionError: An error occurred while executing the following cell:
------------------
url = 'https://en.wikipedia.org/wiki/List_of_physical_constants'
tables = pd.read_html(url)
df = tables[0]

df.head()
------------------


[0;31m---------------------------------------------------------------------------[0m
[0;31mModuleNotFoundError[0m                       Traceback (most recent call last)
File [0;32m~/opt/anaconda3/envs/ml-short-course/lib/python3.12/site-packages/pandas/compat/_optional.py:135[0m, in [0;36mimport_optional_dependency[0;34m(name, extra, errors, min_version)[0m
[1;32m    134[0m [38;5;28;01mtry[39;00m:
[0;32m--> 135[0m     module [38;5;241m=[39m importlib[38;5;241m.[39mimport_module(name)
[1;32m    136[0m [38;5;28;01mexcept[39;00m [38;5;167;01mImportError[39;00m:

File [0;32m~/opt/anaconda3/envs/ml-short-course/lib/python3.12/importlib/__init__.py:90[0m, in [0;36mimport_module[0;34m(name, package)[0m
[1;32m     89[0m         level [38;5;241m+[39m[38;5;241m=[39m [38;5;241m1[39m
[0;32m---> 90[0m [38;5;28;01mreturn[39;00m _bootstrap[38;5;241m.[39m_gcd_import(name[level:], package, level)

File [0;32m<frozen importlib._bootstrap>:1387[0m, in [0;36m_gcd_import[0;34m(name, package, level)[0m

File [0;32m<frozen importlib._bootstrap>:1360[0m, in [0;36m_find_and_load[0;34m(name, import_)[0m

File [0;32m<frozen importlib._bootstrap>:1310[0m, in [0;36m_find_and_load_unlocked[0;34m(name, import_)[0m

File [0;32m<frozen importlib._bootstrap>:488[0m, in [0;36m_call_with_frames_removed[0;34m(f, *args, **kwds)[0m

File [0;32m<frozen importlib._bootstrap>:1387[0m, in [0;36m_gcd_import[0;34m(name, package, level)[0m

File [0;32m<frozen importlib._bootstrap>:1360[0m, in [0;36m_find_and_load[0;34m(name, import_)[0m

File [0;32m<frozen importlib._bootstrap>:1324[0m, in [0;36m_find_and_load_unlocked[0;34m(name, import_)[0m

[0;31mModuleNotFoundError[0m: No module named 'lxml'

During handling of the above exception, another exception occurred:

[0;31mImportError[0m                               Traceback (most recent call last)
Cell [0;32mIn[10], line 2[0m
[1;32m      1[0m url [38;5;241m=[39m [38;5;124m'[39m[38;5;124mhttps://en.wikipedia.org/wiki/List_of_physical_constants[39m[38;5;124m'[39m
[0;32m----> 2[0m tables [38;5;241m=[39m pd[38;5;241m.[39mread_html(url)
[1;32m      3[0m df [38;5;241m=[39m tables[[38;5;241m0[39m]
[1;32m      5[0m df[38;5;241m.[39mhead()

File [0;32m~/opt/anaconda3/envs/ml-short-course/lib/python3.12/site-packages/pandas/io/html.py:1246[0m, in [0;36mread_html[0;34m(io, match, flavor, header, index_col, skiprows, attrs, parse_dates, thousands, encoding, decimal, converters, na_values, keep_default_na, displayed_only, extract_links, dtype_backend, storage_options)[0m
[1;32m   1230[0m [38;5;28;01mif[39;00m [38;5;28misinstance[39m(io, [38;5;28mstr[39m) [38;5;129;01mand[39;00m [38;5;129;01mnot[39;00m [38;5;28many[39m(
[1;32m   1231[0m     [
[1;32m   1232[0m         is_file_like(io),
[0;32m   (...)[0m
[1;32m   1236[0m     ]
[1;32m   1237[0m ):
[1;32m   1238[0m     warnings[38;5;241m.[39mwarn(
[1;32m   1239[0m         [38;5;124m"[39m[38;5;124mPassing literal html to [39m[38;5;124m'[39m[38;5;124mread_html[39m[38;5;124m'[39m[38;5;124m is deprecated and [39m[38;5;124m"[39m
[1;32m   1240[0m         [38;5;124m"[39m[38;5;124mwill be removed in a future version. To read from a [39m[38;5;124m"[39m
[0;32m   (...)[0m
[1;32m   1243[0m         stacklevel[38;5;241m=[39mfind_stack_level(),
[1;32m   1244[0m     )
[0;32m-> 1246[0m [38;5;28;01mreturn[39;00m _parse(
[1;32m   1247[0m     flavor[38;5;241m=[39mflavor,
[1;32m   1248[0m     io[38;5;241m=[39mio,
[1;32m   1249[0m     match[38;5;241m=[39mmatch,
[1;32m   1250[0m     header[38;5;241m=[39mheader,
[1;32m   1251[0m     index_col[38;5;241m=[39mindex_col,
[1;32m   1252[0m     skiprows[38;5;241m=[39mskiprows,
[1;32m   1253[0m     parse_dates[38;5;241m=[39mparse_dates,
[1;32m   1254[0m     thousands[38;5;241m=[39mthousands,
[1;32m   1255[0m     attrs[38;5;241m=[39mattrs,
[1;32m   1256[0m     encoding[38;5;241m=[39mencoding,
[1;32m   1257[0m     decimal[38;5;241m=[39mdecimal,
[1;32m   1258[0m     converters[38;5;241m=[39mconverters,
[1;32m   1259[0m     na_values[38;5;241m=[39mna_values,
[1;32m   1260[0m     keep_default_na[38;5;241m=[39mkeep_default_na,
[1;32m   1261[0m     displayed_only[38;5;241m=[39mdisplayed_only,
[1;32m   1262[0m     extract_links[38;5;241m=[39mextract_links,
[1;32m   1263[0m     dtype_backend[38;5;241m=[39mdtype_backend,
[1;32m   1264[0m     storage_options[38;5;241m=[39mstorage_options,
[1;32m   1265[0m )

File [0;32m~/opt/anaconda3/envs/ml-short-course/lib/python3.12/site-packages/pandas/io/html.py:977[0m, in [0;36m_parse[0;34m(flavor, io, match, attrs, encoding, displayed_only, extract_links, storage_options, **kwargs)[0m
[1;32m    975[0m retained [38;5;241m=[39m [38;5;28;01mNone[39;00m
[1;32m    976[0m [38;5;28;01mfor[39;00m flav [38;5;129;01min[39;00m flavor:
[0;32m--> 977[0m     parser [38;5;241m=[39m _parser_dispatch(flav)
[1;32m    978[0m     p [38;5;241m=[39m parser(
[1;32m    979[0m         io,
[1;32m    980[0m         compiled_match,
[0;32m   (...)[0m
[1;32m    985[0m         storage_options,
[1;32m    986[0m     )
[1;32m    988[0m     [38;5;28;01mtry[39;00m:

File [0;32m~/opt/anaconda3/envs/ml-short-course/lib/python3.12/site-packages/pandas/io/html.py:924[0m, in [0;36m_parser_dispatch[0;34m(flavor)[0m
[1;32m    922[0m     import_optional_dependency([38;5;124m"[39m[38;5;124mbs4[39m[38;5;124m"[39m)
[1;32m    923[0m [38;5;28;01melse[39;00m:
[0;32m--> 924[0m     import_optional_dependency([38;5;124m"[39m[38;5;124mlxml.etree[39m[38;5;124m"[39m)
[1;32m    925[0m [38;5;28;01mreturn[39;00m _valid_parsers[flavor]

File [0;32m~/opt/anaconda3/envs/ml-short-course/lib/python3.12/site-packages/pandas/compat/_optional.py:138[0m, in [0;36mimport_optional_dependency[0;34m(name, extra, errors, min_version)[0m
[1;32m    136[0m [38;5;28;01mexcept[39;00m [38;5;167;01mImportError[39;00m:
[1;32m    137[0m     [38;5;28;01mif[39;00m errors [38;5;241m==[39m [38;5;124m"[39m[38;5;124mraise[39m[38;5;124m"[39m:
[0;32m--> 138[0m         [38;5;28;01mraise[39;00m [38;5;167;01mImportError[39;00m(msg)
[1;32m    139[0m     [38;5;28;01mreturn[39;00m [38;5;28;01mNone[39;00m
[1;32m    141[0m [38;5;66;03m# Handle submodules: if we have submodule, grab parent module from sys.modules[39;00m

[0;31mImportError[0m: Missing optional dependency 'lxml'.  Use pip or conda to install lxml.

