Traceback (most recent call last):
  File "/Users/caballero/repos/teaching/MSU_REU_ML_course/.venv/lib/python3.10/site-packages/jupyter_core/utils/__init__.py", line 154, in wrapped
    asyncio.get_running_loop()
RuntimeError: no running event loop

During handling of the above exception, another exception occurred:

Traceback (most recent call last):
  File "/Users/caballero/repos/teaching/MSU_REU_ML_course/.venv/lib/python3.10/site-packages/jupyter_cache/executors/utils.py", line 58, in single_nb_execution
    executenb(
  File "/Users/caballero/repos/teaching/MSU_REU_ML_course/.venv/lib/python3.10/site-packages/nbclient/client.py", line 1319, in execute
    return NotebookClient(nb=nb, resources=resources, km=km, **kwargs).execute()
  File "/Users/caballero/repos/teaching/MSU_REU_ML_course/.venv/lib/python3.10/site-packages/jupyter_core/utils/__init__.py", line 158, in wrapped
    return loop.run_until_complete(inner)
  File "/Users/caballero/anaconda3/lib/python3.10/asyncio/base_events.py", line 649, in run_until_complete
    return future.result()
  File "/Users/caballero/repos/teaching/MSU_REU_ML_course/.venv/lib/python3.10/site-packages/nbclient/client.py", line 709, in async_execute
    await self.async_execute_cell(
  File "/Users/caballero/repos/teaching/MSU_REU_ML_course/.venv/lib/python3.10/site-packages/nbclient/client.py", line 1062, in async_execute_cell
    await self._check_raise_for_error(cell, cell_index, exec_reply)
  File "/Users/caballero/repos/teaching/MSU_REU_ML_course/.venv/lib/python3.10/site-packages/nbclient/client.py", line 918, in _check_raise_for_error
    raise CellExecutionError.from_cell_and_msg(cell, exec_reply_content)
nbclient.exceptions.CellExecutionError: An error occurred while executing the following cell:
------------------
url = 'https://en.wikipedia.org/wiki/List_of_physical_constants'
tables = pd.read_html(url)
df = tables[0]

df.head()
------------------


[0;31m---------------------------------------------------------------------------[0m
[0;31mModuleNotFoundError[0m                       Traceback (most recent call last)
File [0;32m~/repos/teaching/MSU_REU_ML_course/.venv/lib/python3.10/site-packages/pandas/compat/_optional.py:135[0m, in [0;36mimport_optional_dependency[0;34m(name, extra, errors, min_version)[0m
[1;32m    134[0m [38;5;28;01mtry[39;00m:
[0;32m--> 135[0m     module [38;5;241m=[39m [43mimportlib[49m[38;5;241;43m.[39;49m[43mimport_module[49m[43m([49m[43mname[49m[43m)[49m
[1;32m    136[0m [38;5;28;01mexcept[39;00m [38;5;167;01mImportError[39;00m:

File [0;32m~/anaconda3/lib/python3.10/importlib/__init__.py:126[0m, in [0;36mimport_module[0;34m(name, package)[0m
[1;32m    125[0m         level [38;5;241m+[39m[38;5;241m=[39m [38;5;241m1[39m
[0;32m--> 126[0m [38;5;28;01mreturn[39;00m [43m_bootstrap[49m[38;5;241;43m.[39;49m[43m_gcd_import[49m[43m([49m[43mname[49m[43m[[49m[43mlevel[49m[43m:[49m[43m][49m[43m,[49m[43m [49m[43mpackage[49m[43m,[49m[43m [49m[43mlevel[49m[43m)[49m

File [0;32m<frozen importlib._bootstrap>:1050[0m, in [0;36m_gcd_import[0;34m(name, package, level)[0m

File [0;32m<frozen importlib._bootstrap>:1027[0m, in [0;36m_find_and_load[0;34m(name, import_)[0m

File [0;32m<frozen importlib._bootstrap>:992[0m, in [0;36m_find_and_load_unlocked[0;34m(name, import_)[0m

File [0;32m<frozen importlib._bootstrap>:241[0m, in [0;36m_call_with_frames_removed[0;34m(f, *args, **kwds)[0m

File [0;32m<frozen importlib._bootstrap>:1050[0m, in [0;36m_gcd_import[0;34m(name, package, level)[0m

File [0;32m<frozen importlib._bootstrap>:1027[0m, in [0;36m_find_and_load[0;34m(name, import_)[0m

File [0;32m<frozen importlib._bootstrap>:1004[0m, in [0;36m_find_and_load_unlocked[0;34m(name, import_)[0m

[0;31mModuleNotFoundError[0m: No module named 'lxml'

During handling of the above exception, another exception occurred:

[0;31mImportError[0m                               Traceback (most recent call last)
Cell [0;32mIn[10], line 2[0m
[1;32m      1[0m url [38;5;241m=[39m [38;5;124m'[39m[38;5;124mhttps://en.wikipedia.org/wiki/List_of_physical_constants[39m[38;5;124m'[39m
[0;32m----> 2[0m tables [38;5;241m=[39m [43mpd[49m[38;5;241;43m.[39;49m[43mread_html[49m[43m([49m[43murl[49m[43m)[49m
[1;32m      3[0m df [38;5;241m=[39m tables[[38;5;241m0[39m]
[1;32m      5[0m df[38;5;241m.[39mhead()

File [0;32m~/repos/teaching/MSU_REU_ML_course/.venv/lib/python3.10/site-packages/pandas/io/html.py:1240[0m, in [0;36mread_html[0;34m(io, match, flavor, header, index_col, skiprows, attrs, parse_dates, thousands, encoding, decimal, converters, na_values, keep_default_na, displayed_only, extract_links, dtype_backend, storage_options)[0m
[1;32m   1224[0m [38;5;28;01mif[39;00m [38;5;28misinstance[39m(io, [38;5;28mstr[39m) [38;5;129;01mand[39;00m [38;5;129;01mnot[39;00m [38;5;28many[39m(
[1;32m   1225[0m     [
[1;32m   1226[0m         is_file_like(io),
[0;32m   (...)[0m
[1;32m   1230[0m     ]
[1;32m   1231[0m ):
[1;32m   1232[0m     warnings[38;5;241m.[39mwarn(
[1;32m   1233[0m         [38;5;124m"[39m[38;5;124mPassing literal html to [39m[38;5;124m'[39m[38;5;124mread_html[39m[38;5;124m'[39m[38;5;124m is deprecated and [39m[38;5;124m"[39m
[1;32m   1234[0m         [38;5;124m"[39m[38;5;124mwill be removed in a future version. To read from a [39m[38;5;124m"[39m
[0;32m   (...)[0m
[1;32m   1237[0m         stacklevel[38;5;241m=[39mfind_stack_level(),
[1;32m   1238[0m     )
[0;32m-> 1240[0m [38;5;28;01mreturn[39;00m [43m_parse[49m[43m([49m
[1;32m   1241[0m [43m    [49m[43mflavor[49m[38;5;241;43m=[39;49m[43mflavor[49m[43m,[49m
[1;32m   1242[0m [43m    [49m[43mio[49m[38;5;241;43m=[39;49m[43mio[49m[43m,[49m
[1;32m   1243[0m [43m    [49m[43mmatch[49m[38;5;241;43m=[39;49m[43mmatch[49m[43m,[49m
[1;32m   1244[0m [43m    [49m[43mheader[49m[38;5;241;43m=[39;49m[43mheader[49m[43m,[49m
[1;32m   1245[0m [43m    [49m[43mindex_col[49m[38;5;241;43m=[39;49m[43mindex_col[49m[43m,[49m
[1;32m   1246[0m [43m    [49m[43mskiprows[49m[38;5;241;43m=[39;49m[43mskiprows[49m[43m,[49m
[1;32m   1247[0m [43m    [49m[43mparse_dates[49m[38;5;241;43m=[39;49m[43mparse_dates[49m[43m,[49m
[1;32m   1248[0m [43m    [49m[43mthousands[49m[38;5;241;43m=[39;49m[43mthousands[49m[43m,[49m
[1;32m   1249[0m [43m    [49m[43mattrs[49m[38;5;241;43m=[39;49m[43mattrs[49m[43m,[49m
[1;32m   1250[0m [43m    [49m[43mencoding[49m[38;5;241;43m=[39;49m[43mencoding[49m[43m,[49m
[1;32m   1251[0m [43m    [49m[43mdecimal[49m[38;5;241;43m=[39;49m[43mdecimal[49m[43m,[49m
[1;32m   1252[0m [43m    [49m[43mconverters[49m[38;5;241;43m=[39;49m[43mconverters[49m[43m,[49m
[1;32m   1253[0m [43m    [49m[43mna_values[49m[38;5;241;43m=[39;49m[43mna_values[49m[43m,[49m
[1;32m   1254[0m [43m    [49m[43mkeep_default_na[49m[38;5;241;43m=[39;49m[43mkeep_default_na[49m[43m,[49m
[1;32m   1255[0m [43m    [49m[43mdisplayed_only[49m[38;5;241;43m=[39;49m[43mdisplayed_only[49m[43m,[49m
[1;32m   1256[0m [43m    [49m[43mextract_links[49m[38;5;241;43m=[39;49m[43mextract_links[49m[43m,[49m
[1;32m   1257[0m [43m    [49m[43mdtype_backend[49m[38;5;241;43m=[39;49m[43mdtype_backend[49m[43m,[49m
[1;32m   1258[0m [43m    [49m[43mstorage_options[49m[38;5;241;43m=[39;49m[43mstorage_options[49m[43m,[49m
[1;32m   1259[0m [43m[49m[43m)[49m

File [0;32m~/repos/teaching/MSU_REU_ML_course/.venv/lib/python3.10/site-packages/pandas/io/html.py:971[0m, in [0;36m_parse[0;34m(flavor, io, match, attrs, encoding, displayed_only, extract_links, storage_options, **kwargs)[0m
[1;32m    969[0m retained [38;5;241m=[39m [38;5;28;01mNone[39;00m
[1;32m    970[0m [38;5;28;01mfor[39;00m flav [38;5;129;01min[39;00m flavor:
[0;32m--> 971[0m     parser [38;5;241m=[39m [43m_parser_dispatch[49m[43m([49m[43mflav[49m[43m)[49m
[1;32m    972[0m     p [38;5;241m=[39m parser(
[1;32m    973[0m         io,
[1;32m    974[0m         compiled_match,
[0;32m   (...)[0m
[1;32m    979[0m         storage_options,
[1;32m    980[0m     )
[1;32m    982[0m     [38;5;28;01mtry[39;00m:

File [0;32m~/repos/teaching/MSU_REU_ML_course/.venv/lib/python3.10/site-packages/pandas/io/html.py:918[0m, in [0;36m_parser_dispatch[0;34m(flavor)[0m
[1;32m    916[0m     import_optional_dependency([38;5;124m"[39m[38;5;124mbs4[39m[38;5;124m"[39m)
[1;32m    917[0m [38;5;28;01melse[39;00m:
[0;32m--> 918[0m     [43mimport_optional_dependency[49m[43m([49m[38;5;124;43m"[39;49m[38;5;124;43mlxml.etree[39;49m[38;5;124;43m"[39;49m[43m)[49m
[1;32m    919[0m [38;5;28;01mreturn[39;00m _valid_parsers[flavor]

File [0;32m~/repos/teaching/MSU_REU_ML_course/.venv/lib/python3.10/site-packages/pandas/compat/_optional.py:138[0m, in [0;36mimport_optional_dependency[0;34m(name, extra, errors, min_version)[0m
[1;32m    136[0m [38;5;28;01mexcept[39;00m [38;5;167;01mImportError[39;00m:
[1;32m    137[0m     [38;5;28;01mif[39;00m errors [38;5;241m==[39m [38;5;124m"[39m[38;5;124mraise[39m[38;5;124m"[39m:
[0;32m--> 138[0m         [38;5;28;01mraise[39;00m [38;5;167;01mImportError[39;00m(msg)
[1;32m    139[0m     [38;5;28;01mreturn[39;00m [38;5;28;01mNone[39;00m
[1;32m    141[0m [38;5;66;03m# Handle submodules: if we have submodule, grab parent module from sys.modules[39;00m

[0;31mImportError[0m: Missing optional dependency 'lxml'.  Use pip or conda to install lxml.

