Traceback (most recent call last):
  File "/Users/caballero/repos/teaching/MSU_REU_ML_course/.venv/lib/python3.10/site-packages/jupyter_core/utils/__init__.py", line 154, in wrapped
    asyncio.get_running_loop()
RuntimeError: no running event loop

During handling of the above exception, another exception occurred:

Traceback (most recent call last):
  File "/Users/caballero/repos/teaching/MSU_REU_ML_course/.venv/lib/python3.10/site-packages/jupyter_cache/executors/utils.py", line 58, in single_nb_execution
    executenb(
  File "/Users/caballero/repos/teaching/MSU_REU_ML_course/.venv/lib/python3.10/site-packages/nbclient/client.py", line 1319, in execute
    return NotebookClient(nb=nb, resources=resources, km=km, **kwargs).execute()
  File "/Users/caballero/repos/teaching/MSU_REU_ML_course/.venv/lib/python3.10/site-packages/jupyter_core/utils/__init__.py", line 158, in wrapped
    return loop.run_until_complete(inner)
  File "/Users/caballero/anaconda3/lib/python3.10/asyncio/base_events.py", line 649, in run_until_complete
    return future.result()
  File "/Users/caballero/repos/teaching/MSU_REU_ML_course/.venv/lib/python3.10/site-packages/nbclient/client.py", line 709, in async_execute
    await self.async_execute_cell(
  File "/Users/caballero/repos/teaching/MSU_REU_ML_course/.venv/lib/python3.10/site-packages/nbclient/client.py", line 1062, in async_execute_cell
    await self._check_raise_for_error(cell, cell_index, exec_reply)
  File "/Users/caballero/repos/teaching/MSU_REU_ML_course/.venv/lib/python3.10/site-packages/nbclient/client.py", line 918, in _check_raise_for_error
    raise CellExecutionError.from_cell_and_msg(cell, exec_reply_content)
nbclient.exceptions.CellExecutionError: An error occurred while executing the following cell:
------------------
url = 'https://en.wikipedia.org/wiki/List_of_physical_constants'
tables = pd.read_html(url)
df = tables[0]

df.head()
------------------


[31m---------------------------------------------------------------------------[39m
[31mModuleNotFoundError[39m                       Traceback (most recent call last)
[36mFile [39m[32m~/Downloads/comp-essays/.venv/lib/python3.13/site-packages/pandas/compat/_optional.py:135[39m, in [36mimport_optional_dependency[39m[34m(name, extra, errors, min_version)[39m
[32m    134[39m [38;5;28;01mtry[39;00m:
[32m--> [39m[32m135[39m     module = [43mimportlib[49m[43m.[49m[43mimport_module[49m[43m([49m[43mname[49m[43m)[49m
[32m    136[39m [38;5;28;01mexcept[39;00m [38;5;167;01mImportError[39;00m:

[36mFile [39m[32m/opt/homebrew/Cellar/python@3.13/3.13.3/Frameworks/Python.framework/Versions/3.13/lib/python3.13/importlib/__init__.py:88[39m, in [36mimport_module[39m[34m(name, package)[39m
[32m     87[39m         level += [32m1[39m
[32m---> [39m[32m88[39m [38;5;28;01mreturn[39;00m [43m_bootstrap[49m[43m.[49m[43m_gcd_import[49m[43m([49m[43mname[49m[43m[[49m[43mlevel[49m[43m:[49m[43m][49m[43m,[49m[43m [49m[43mpackage[49m[43m,[49m[43m [49m[43mlevel[49m[43m)[49m

[36mFile [39m[32m<frozen importlib._bootstrap>:1387[39m, in [36m_gcd_import[39m[34m(name, package, level)[39m

[36mFile [39m[32m<frozen importlib._bootstrap>:1360[39m, in [36m_find_and_load[39m[34m(name, import_)[39m

[36mFile [39m[32m<frozen importlib._bootstrap>:1310[39m, in [36m_find_and_load_unlocked[39m[34m(name, import_)[39m

[36mFile [39m[32m<frozen importlib._bootstrap>:488[39m, in [36m_call_with_frames_removed[39m[34m(f, *args, **kwds)[39m

[36mFile [39m[32m<frozen importlib._bootstrap>:1387[39m, in [36m_gcd_import[39m[34m(name, package, level)[39m

[36mFile [39m[32m<frozen importlib._bootstrap>:1360[39m, in [36m_find_and_load[39m[34m(name, import_)[39m

[36mFile [39m[32m<frozen importlib._bootstrap>:1324[39m, in [36m_find_and_load_unlocked[39m[34m(name, import_)[39m

[31mModuleNotFoundError[39m: No module named 'lxml'

During handling of the above exception, another exception occurred:

[31mImportError[39m                               Traceback (most recent call last)
[36mCell[39m[36m [39m[32mIn[10][39m[32m, line 2[39m
[32m      1[39m url = [33m'[39m[33mhttps://en.wikipedia.org/wiki/List_of_physical_constants[39m[33m'[39m
[32m----> [39m[32m2[39m tables = [43mpd[49m[43m.[49m[43mread_html[49m[43m([49m[43murl[49m[43m)[49m
[32m      3[39m df = tables[[32m0[39m]
[32m      5[39m df.head()

[36mFile [39m[32m~/Downloads/comp-essays/.venv/lib/python3.13/site-packages/pandas/io/html.py:1240[39m, in [36mread_html[39m[34m(io, match, flavor, header, index_col, skiprows, attrs, parse_dates, thousands, encoding, decimal, converters, na_values, keep_default_na, displayed_only, extract_links, dtype_backend, storage_options)[39m
[32m   1224[39m [38;5;28;01mif[39;00m [38;5;28misinstance[39m(io, [38;5;28mstr[39m) [38;5;129;01mand[39;00m [38;5;129;01mnot[39;00m [38;5;28many[39m(
[32m   1225[39m     [
[32m   1226[39m         is_file_like(io),
[32m   (...)[39m[32m   1230[39m     ]
[32m   1231[39m ):
[32m   1232[39m     warnings.warn(
[32m   1233[39m         [33m"[39m[33mPassing literal html to [39m[33m'[39m[33mread_html[39m[33m'[39m[33m is deprecated and [39m[33m"[39m
[32m   1234[39m         [33m"[39m[33mwill be removed in a future version. To read from a [39m[33m"[39m
[32m   (...)[39m[32m   1237[39m         stacklevel=find_stack_level(),
[32m   1238[39m     )
[32m-> [39m[32m1240[39m [38;5;28;01mreturn[39;00m [43m_parse[49m[43m([49m
[32m   1241[39m [43m    [49m[43mflavor[49m[43m=[49m[43mflavor[49m[43m,[49m
[32m   1242[39m [43m    [49m[43mio[49m[43m=[49m[43mio[49m[43m,[49m
[32m   1243[39m [43m    [49m[43mmatch[49m[43m=[49m[43mmatch[49m[43m,[49m
[32m   1244[39m [43m    [49m[43mheader[49m[43m=[49m[43mheader[49m[43m,[49m
[32m   1245[39m [43m    [49m[43mindex_col[49m[43m=[49m[43mindex_col[49m[43m,[49m
[32m   1246[39m [43m    [49m[43mskiprows[49m[43m=[49m[43mskiprows[49m[43m,[49m
[32m   1247[39m [43m    [49m[43mparse_dates[49m[43m=[49m[43mparse_dates[49m[43m,[49m
[32m   1248[39m [43m    [49m[43mthousands[49m[43m=[49m[43mthousands[49m[43m,[49m
[32m   1249[39m [43m    [49m[43mattrs[49m[43m=[49m[43mattrs[49m[43m,[49m
[32m   1250[39m [43m    [49m[43mencoding[49m[43m=[49m[43mencoding[49m[43m,[49m
[32m   1251[39m [43m    [49m[43mdecimal[49m[43m=[49m[43mdecimal[49m[43m,[49m
[32m   1252[39m [43m    [49m[43mconverters[49m[43m=[49m[43mconverters[49m[43m,[49m
[32m   1253[39m [43m    [49m[43mna_values[49m[43m=[49m[43mna_values[49m[43m,[49m
[32m   1254[39m [43m    [49m[43mkeep_default_na[49m[43m=[49m[43mkeep_default_na[49m[43m,[49m
[32m   1255[39m [43m    [49m[43mdisplayed_only[49m[43m=[49m[43mdisplayed_only[49m[43m,[49m
[32m   1256[39m [43m    [49m[43mextract_links[49m[43m=[49m[43mextract_links[49m[43m,[49m
[32m   1257[39m [43m    [49m[43mdtype_backend[49m[43m=[49m[43mdtype_backend[49m[43m,[49m
[32m   1258[39m [43m    [49m[43mstorage_options[49m[43m=[49m[43mstorage_options[49m[43m,[49m
[32m   1259[39m [43m[49m[43m)[49m

[36mFile [39m[32m~/Downloads/comp-essays/.venv/lib/python3.13/site-packages/pandas/io/html.py:971[39m, in [36m_parse[39m[34m(flavor, io, match, attrs, encoding, displayed_only, extract_links, storage_options, **kwargs)[39m
[32m    969[39m retained = [38;5;28;01mNone[39;00m
[32m    970[39m [38;5;28;01mfor[39;00m flav [38;5;129;01min[39;00m flavor:
[32m--> [39m[32m971[39m     parser = [43m_parser_dispatch[49m[43m([49m[43mflav[49m[43m)[49m
[32m    972[39m     p = parser(
[32m    973[39m         io,
[32m    974[39m         compiled_match,
[32m   (...)[39m[32m    979[39m         storage_options,
[32m    980[39m     )
[32m    982[39m     [38;5;28;01mtry[39;00m:

[36mFile [39m[32m~/Downloads/comp-essays/.venv/lib/python3.13/site-packages/pandas/io/html.py:918[39m, in [36m_parser_dispatch[39m[34m(flavor)[39m
[32m    916[39m     import_optional_dependency([33m"[39m[33mbs4[39m[33m"[39m)
[32m    917[39m [38;5;28;01melse[39;00m:
[32m--> [39m[32m918[39m     [43mimport_optional_dependency[49m[43m([49m[33;43m"[39;49m[33;43mlxml.etree[39;49m[33;43m"[39;49m[43m)[49m
[32m    919[39m [38;5;28;01mreturn[39;00m _valid_parsers[flavor]

[36mFile [39m[32m~/Downloads/comp-essays/.venv/lib/python3.13/site-packages/pandas/compat/_optional.py:138[39m, in [36mimport_optional_dependency[39m[34m(name, extra, errors, min_version)[39m
[32m    136[39m [38;5;28;01mexcept[39;00m [38;5;167;01mImportError[39;00m:
[32m    137[39m     [38;5;28;01mif[39;00m errors == [33m"[39m[33mraise[39m[33m"[39m:
[32m--> [39m[32m138[39m         [38;5;28;01mraise[39;00m [38;5;167;01mImportError[39;00m(msg)
[32m    139[39m     [38;5;28;01mreturn[39;00m [38;5;28;01mNone[39;00m
[32m    141[39m [38;5;66;03m# Handle submodules: if we have submodule, grab parent module from sys.modules[39;00m

[31mImportError[39m: Missing optional dependency 'lxml'.  Use pip or conda to install lxml.

